This is pdfTeX, Version 3.1415926-2.4-1.40.13 (TeX Live 2012/Debian) (format=pdflatex 2013.5.31)  8 JUL 2013 11:28
entering extended mode
 restricted \write18 enabled.
 %&-line parsing enabled.
**phyml-manual.tex
(./phyml-manual.tex
LaTeX2e <2011/06/27>
Babel <v3.8m> and hyphenation patterns for english, dumylang, nohyphenation, lo
aded.
(/usr/share/texlive/texmf-dist/tex/latex/base/article.cls
Document Class: article 2007/10/19 v1.4h Standard LaTeX document class
(/usr/share/texlive/texmf-dist/tex/latex/base/size12.clo
File: size12.clo 2007/10/19 v1.4h Standard LaTeX file (size option)
)
\c@part=\count79
\c@section=\count80
\c@subsection=\count81
\c@subsubsection=\count82
\c@paragraph=\count83
\c@subparagraph=\count84
\c@figure=\count85
\c@table=\count86
\abovecaptionskip=\skip41
\belowcaptionskip=\skip42
\bibindent=\dimen102
)
(/usr/share/texlive/texmf-dist/tex/latex/fancyvrb/fancyvrb.sty
Package: fancyvrb 2008/02/07

Style option: `fancyvrb' v2.7a, with DG/SPQR fixes, and firstline=lastline fix 
<2008/02/07> (tvz) (/usr/share/texlive/texmf-dist/tex/latex/graphics/keyval.sty
Package: keyval 1999/03/16 v1.13 key=value parser (DPC)
\KV@toks@=\toks14
)
\FV@CodeLineNo=\count87
\FV@InFile=\read1
\FV@TabBox=\box26
\c@FancyVerbLine=\count88
\FV@StepNumber=\count89
\FV@OutFile=\write3
) (/usr/share/texlive/texmf-dist/tex/latex/graphics/graphicx.sty
Package: graphicx 1999/02/16 v1.0f Enhanced LaTeX Graphics (DPC,SPQR)

(/usr/share/texlive/texmf-dist/tex/latex/graphics/graphics.sty
Package: graphics 2009/02/05 v1.0o Standard LaTeX Graphics (DPC,SPQR)

(/usr/share/texlive/texmf-dist/tex/latex/graphics/trig.sty
Package: trig 1999/03/16 v1.09 sin cos tan (DPC)
)
(/usr/share/texlive/texmf-dist/tex/latex/latexconfig/graphics.cfg
File: graphics.cfg 2010/04/23 v1.9 graphics configuration of TeX Live
)
Package graphics Info: Driver file: pdftex.def on input line 91.

(/usr/share/texlive/texmf-dist/tex/latex/pdftex-def/pdftex.def
File: pdftex.def 2011/05/27 v0.06d Graphics/color for pdfTeX

(/usr/share/texlive/texmf-dist/tex/generic/oberdiek/infwarerr.sty
Package: infwarerr 2010/04/08 v1.3 Providing info/warning/error messages (HO)
)
(/usr/share/texlive/texmf-dist/tex/generic/oberdiek/ltxcmds.sty
Package: ltxcmds 2011/11/09 v1.22 LaTeX kernel commands for general use (HO)
)
\Gread@gobject=\count90
))
\Gin@req@height=\dimen103
\Gin@req@width=\dimen104
)
(/usr/share/texlive/texmf-dist/tex/latex/tools/tabularx.sty
Package: tabularx 1999/01/07 v2.07 `tabularx' package (DPC)

(/usr/share/texlive/texmf-dist/tex/latex/tools/array.sty
Package: array 2008/09/09 v2.4c Tabular extension package (FMi)
\col@sep=\dimen105
\extrarowheight=\dimen106
\NC@list=\toks15
\extratabsurround=\skip43
\backup@length=\skip44
)
\TX@col@width=\dimen107
\TX@old@table=\dimen108
\TX@old@col=\dimen109
\TX@target=\dimen110
\TX@delta=\dimen111
\TX@cols=\count91
\TX@ftn=\toks16
)
(/usr/share/texmf/tex/latex/xcolor/xcolor.sty
Package: xcolor 2007/01/21 v2.11 LaTeX color extensions (UK)

(/usr/share/texlive/texmf-dist/tex/latex/latexconfig/color.cfg
File: color.cfg 2007/01/18 v1.5 color configuration of teTeX/TeXLive
)
Package xcolor Info: Driver file: pdftex.def on input line 225.
Package xcolor Info: Model `cmy' substituted by `cmy0' on input line 1337.
Package xcolor Info: Model `hsb' substituted by `rgb' on input line 1341.
Package xcolor Info: Model `RGB' extended on input line 1353.
Package xcolor Info: Model `HTML' substituted by `rgb' on input line 1355.
Package xcolor Info: Model `Hsb' substituted by `hsb' on input line 1356.
Package xcolor Info: Model `tHsb' substituted by `hsb' on input line 1357.
Package xcolor Info: Model `HSB' substituted by `hsb' on input line 1358.
Package xcolor Info: Model `Gray' substituted by `gray' on input line 1359.
Package xcolor Info: Model `wave' substituted by `hsb' on input line 1360.
)
(/usr/share/texlive/texmf-dist/tex/latex/psfrag/psfrag.sty
Package: psfrag 1998/04/11 v3.04 PSfrag (MCG)
\pfg@pcount=\count92
\pfg@scount=\count93
\pfg@temp=\write4
)
(/usr/share/texlive/texmf-dist/tex/latex/amsmath/amsmath.sty
Package: amsmath 2000/07/18 v2.13 AMS math features
\@mathmargin=\skip45

For additional information on amsmath, use the `?' option.
(/usr/share/texlive/texmf-dist/tex/latex/amsmath/amstext.sty
Package: amstext 2000/06/29 v2.01

(/usr/share/texlive/texmf-dist/tex/latex/amsmath/amsgen.sty
File: amsgen.sty 1999/11/30 v2.0
\@emptytoks=\toks17
\ex@=\dimen112
))
(/usr/share/texlive/texmf-dist/tex/latex/amsmath/amsbsy.sty
Package: amsbsy 1999/11/29 v1.2d
\pmbraise@=\dimen113
)
(/usr/share/texlive/texmf-dist/tex/latex/amsmath/amsopn.sty
Package: amsopn 1999/12/14 v2.01 operator names
)
\inf@bad=\count94
LaTeX Info: Redefining \frac on input line 211.
\uproot@=\count95
\leftroot@=\count96
LaTeX Info: Redefining \overline on input line 307.
\classnum@=\count97
\DOTSCASE@=\count98
LaTeX Info: Redefining \ldots on input line 379.
LaTeX Info: Redefining \dots on input line 382.
LaTeX Info: Redefining \cdots on input line 467.
\Mathstrutbox@=\box27
\strutbox@=\box28
\big@size=\dimen114
LaTeX Font Info:    Redeclaring font encoding OML on input line 567.
LaTeX Font Info:    Redeclaring font encoding OMS on input line 568.
\macc@depth=\count99
\c@MaxMatrixCols=\count100
\dotsspace@=\muskip10
\c@parentequation=\count101
\dspbrk@lvl=\count102
\tag@help=\toks18
\row@=\count103
\column@=\count104
\maxfields@=\count105
\andhelp@=\toks19
\eqnshift@=\dimen115
\alignsep@=\dimen116
\tagshift@=\dimen117
\tagwidth@=\dimen118
\totwidth@=\dimen119
\lineht@=\dimen120
\@envbody=\toks20
\multlinegap=\skip46
\multlinetaggap=\skip47
\mathdisplay@stack=\toks21
LaTeX Info: Redefining \[ on input line 2666.
LaTeX Info: Redefining \] on input line 2667.
)
(/usr/share/texlive/texmf-dist/tex/latex/url/url.sty
\Urlmuskip=\muskip11
Package: url 2006/04/12  ver 3.3  Verb mode for urls, etc.
)
(/usr/share/texlive/texmf-dist/tex/latex/cite/cite.sty
LaTeX Info: Redefining \cite on input line 302.
LaTeX Info: Redefining \nocite on input line 373.
Package: cite 2010/09/10  v 5.3
)
(/usr/share/texlive/texmf-dist/tex/latex/caption/caption2.sty
Package: caption2 2011/08/12 v2.2d Customising captions (AR)


Package caption2 Warning: ****************************************************
(caption2)                THIS PACKAGE IS OBSOLETE:
(caption2)                This package attempts to provide an `caption2'
(caption2)                package v2.0/2.1 author environment so that OLD
(caption2)                documents can be successfully processed. It should
(caption2)                NOT be used for NEW documents! New documents should
(caption2)                use the regular `caption' package v3.x instead.
(caption2)                ****************************************************

(/usr/share/texlive/texmf-dist/tex/latex/caption/caption3.sty
Package: caption3 2012/01/12 v1.4b caption3 kernel (AR)
\captionmargin=\dimen121
\captionmargin@=\dimen122
\captionwidth=\dimen123
\caption@indent=\dimen124
\caption@parindent=\dimen125
\caption@hangindent=\dimen126
)
Package caption2 Info: Running in caption2 v2.0 compatibility mode on input lin
e 210.
\captionlinewidth=\dimen127
\realcaptionwidth=\dimen128
)
(/usr/share/texlive/texmf-dist/tex/latex/hyperref/hyperref.sty
Package: hyperref 2012/05/13 v6.82q Hypertext links for LaTeX

(/usr/share/texlive/texmf-dist/tex/generic/oberdiek/hobsub-hyperref.sty
Package: hobsub-hyperref 2012/05/28 v1.13 Bundle oberdiek, subset hyperref (HO)


(/usr/share/texlive/texmf-dist/tex/generic/oberdiek/hobsub-generic.sty
Package: hobsub-generic 2012/05/28 v1.13 Bundle oberdiek, subset generic (HO)
Package: hobsub 2012/05/28 v1.13 Construct package bundles (HO)
Package hobsub Info: Skipping package `infwarerr' (already loaded).
Package hobsub Info: Skipping package `ltxcmds' (already loaded).
Package: ifluatex 2010/03/01 v1.3 Provides the ifluatex switch (HO)
Package ifluatex Info: LuaTeX not detected.
Package: ifvtex 2010/03/01 v1.5 Detect VTeX and its facilities (HO)
Package ifvtex Info: VTeX not detected.
Package: intcalc 2007/09/27 v1.1 Expandable calculations with integers (HO)
Package: ifpdf 2011/01/30 v2.3 Provides the ifpdf switch (HO)
Package ifpdf Info: pdfTeX in PDF mode is detected.
Package: etexcmds 2011/02/16 v1.5 Avoid name clashes with e-TeX commands (HO)
Package etexcmds Info: Could not find \expanded.
(etexcmds)             That can mean that you are not using pdfTeX 1.50 or
(etexcmds)             that some package has redefined \expanded.
(etexcmds)             In the latter case, load this package earlier.
Package: kvsetkeys 2012/04/25 v1.16 Key value parser (HO)
Package: kvdefinekeys 2011/04/07 v1.3 Define keys (HO)
Package: pdftexcmds 2011/11/29 v0.20 Utility functions of pdfTeX for LuaTeX (HO
)
Package pdftexcmds Info: LuaTeX not detected.
Package pdftexcmds Info: \pdf@primitive is available.
Package pdftexcmds Info: \pdf@ifprimitive is available.
Package pdftexcmds Info: \pdfdraftmode found.
Package: pdfescape 2011/11/25 v1.13 Implements pdfTeX's escape features (HO)
Package: bigintcalc 2012/04/08 v1.3 Expandable calculations on big integers (HO
)
Package: bitset 2011/01/30 v1.1 Handle bit-vector datatype (HO)
Package: uniquecounter 2011/01/30 v1.2 Provide unlimited unique counter (HO)
)
Package hobsub Info: Skipping package `hobsub' (already loaded).
Package: letltxmacro 2010/09/02 v1.4 Let assignment for LaTeX macros (HO)
Package: hopatch 2012/05/28 v1.2 Wrapper for package hooks (HO)
Package: xcolor-patch 2011/01/30 xcolor patch
Package: atveryend 2011/06/30 v1.8 Hooks at the very end of document (HO)
Package atveryend Info: \enddocument detected (standard20110627).
Package: atbegshi 2011/10/05 v1.16 At begin shipout hook (HO)
Package: refcount 2011/10/16 v3.4 Data extraction from label references (HO)
Package: hycolor 2011/01/30 v1.7 Color options for hyperref/bookmark (HO)
)
(/usr/share/texlive/texmf-dist/tex/generic/ifxetex/ifxetex.sty
Package: ifxetex 2010/09/12 v0.6 Provides ifxetex conditional
)
(/usr/share/texlive/texmf-dist/tex/latex/oberdiek/kvoptions.sty
Package: kvoptions 2011/06/30 v3.11 Key value format for package options (HO)
)
\@linkdim=\dimen129
\Hy@linkcounter=\count106
\Hy@pagecounter=\count107

(/usr/share/texlive/texmf-dist/tex/latex/hyperref/pd1enc.def
File: pd1enc.def 2012/05/13 v6.82q Hyperref: PDFDocEncoding definition (HO)
)
\Hy@SavedSpaceFactor=\count108

(/usr/share/texlive/texmf-dist/tex/latex/latexconfig/hyperref.cfg
File: hyperref.cfg 2002/06/06 v1.2 hyperref configuration of TeXLive
)
Package hyperref Info: Hyper figures OFF on input line 4062.
Package hyperref Info: Link nesting OFF on input line 4067.
Package hyperref Info: Hyper index ON on input line 4070.
Package hyperref Info: Plain pages OFF on input line 4077.
Package hyperref Info: Backreferencing OFF on input line 4082.
Package hyperref Info: Implicit mode ON; LaTeX internals redefined.
Package hyperref Info: Bookmarks ON on input line 4300.
\c@Hy@tempcnt=\count109
LaTeX Info: Redefining \url on input line 4653.
\Fld@menulength=\count110
\Field@Width=\dimen130
\Fld@charsize=\dimen131
Package hyperref Info: Hyper figures OFF on input line 5773.
Package hyperref Info: Link nesting OFF on input line 5778.
Package hyperref Info: Hyper index ON on input line 5781.
Package hyperref Info: backreferencing OFF on input line 5788.
Package hyperref Info: Link coloring OFF on input line 5793.
Package hyperref Info: Link coloring with OCG OFF on input line 5798.
Package hyperref Info: PDF/A mode OFF on input line 5803.
LaTeX Info: Redefining \ref on input line 5843.
LaTeX Info: Redefining \pageref on input line 5847.
\Hy@abspage=\count111
\c@Item=\count112
\c@Hfootnote=\count113
)

Package hyperref Message: Driver (autodetected): hpdftex.

(/usr/share/texlive/texmf-dist/tex/latex/hyperref/hpdftex.def
File: hpdftex.def 2012/05/13 v6.82q Hyperref driver for pdfTeX
\Fld@listcount=\count114
\c@bookmark@seq@number=\count115

(/usr/share/texlive/texmf-dist/tex/latex/oberdiek/rerunfilecheck.sty
Package: rerunfilecheck 2011/04/15 v1.7 Rerun checks for auxiliary files (HO)
Package uniquecounter Info: New unique counter `rerunfilecheck' on input line 2
82.
)
\Hy@SectionHShift=\skip48
)
(/usr/share/texlive/texmf-dist/tex/latex/base/makeidx.sty
Package: makeidx 2000/03/29 v1.0m Standard LaTeX package
)
Package hyperref Info: Option `colorlinks' set `true' on input line 32.
\@indexfile=\write5
\openout5 = `phyml-manual.idx'.


Writing index file phyml-manual.idx
(./phyml-manual.aux)
\openout1 = `phyml-manual.aux'.

LaTeX Font Info:    Checking defaults for OML/cmm/m/it on input line 35.
LaTeX Font Info:    ... okay on input line 35.
LaTeX Font Info:    Checking defaults for T1/cmr/m/n on input line 35.
LaTeX Font Info:    ... okay on input line 35.
LaTeX Font Info:    Checking defaults for OT1/cmr/m/n on input line 35.
LaTeX Font Info:    ... okay on input line 35.
LaTeX Font Info:    Checking defaults for OMS/cmsy/m/n on input line 35.
LaTeX Font Info:    ... okay on input line 35.
LaTeX Font Info:    Checking defaults for OMX/cmex/m/n on input line 35.
LaTeX Font Info:    ... okay on input line 35.
LaTeX Font Info:    Checking defaults for U/cmr/m/n on input line 35.
LaTeX Font Info:    ... okay on input line 35.
LaTeX Font Info:    Checking defaults for PD1/pdf/m/n on input line 35.
LaTeX Font Info:    ... okay on input line 35.

(/usr/share/texlive/texmf-dist/tex/context/base/supp-pdf.mkii
[Loading MPS to PDF converter (version 2006.09.02).]
\scratchcounter=\count116
\scratchdimen=\dimen132
\scratchbox=\box29
\nofMPsegments=\count117
\nofMParguments=\count118
\everyMPshowfont=\toks22
\MPscratchCnt=\count119
\MPscratchDim=\dimen133
\MPnumerator=\count120
\makeMPintoPDFobject=\count121
\everyMPtoPDFconversion=\toks23
) (/usr/share/texlive/texmf-dist/tex/latex/oberdiek/epstopdf-base.sty
Package: epstopdf-base 2010/02/09 v2.5 Base part for package epstopdf

(/usr/share/texlive/texmf-dist/tex/latex/oberdiek/grfext.sty
Package: grfext 2010/08/19 v1.1 Manage graphics extensions (HO)
)
Package grfext Info: Graphics extension search list:
(grfext)             [.png,.pdf,.jpg,.mps,.jpeg,.jbig2,.jb2,.PNG,.PDF,.JPG,.JPE
G,.JBIG2,.JB2,.eps]
(grfext)             \AppendGraphicsExtensions on input line 452.

(/usr/share/texlive/texmf-dist/tex/latex/latexconfig/epstopdf-sys.cfg
File: epstopdf-sys.cfg 2010/07/13 v1.3 Configuration of (r)epstopdf for TeX Liv
e
))
Package caption Info: Begin \AtBeginDocument code.
Package caption Info: End \AtBeginDocument code.
\AtBeginShipoutBox=\box30
Package hyperref Info: Link coloring ON on input line 35.

(/usr/share/texlive/texmf-dist/tex/latex/hyperref/nameref.sty
Package: nameref 2010/04/30 v2.40 Cross-referencing by name of section

(/usr/share/texlive/texmf-dist/tex/generic/oberdiek/gettitlestring.sty
Package: gettitlestring 2010/12/03 v1.4 Cleanup title references (HO)
)
\c@section@level=\count122
)
LaTeX Info: Redefining \ref on input line 35.
LaTeX Info: Redefining \pageref on input line 35.
LaTeX Info: Redefining \nameref on input line 35.

(./phyml-manual.out) (./phyml-manual.out)
\@outlinefile=\write6
\openout6 = `phyml-manual.out'.

 [1
Non-PDF special ignored!

{/var/lib/texmf/fonts/map/pdftex/updmap/pdftex.map}]
(./phyml-manual.toc [2

])
\tf@toc=\write7
\openout7 = `phyml-manual.toc'.

 [3]
LaTeX Font Info:    Try loading font information for OMS+cmr on input line 60.

(/usr/share/texlive/texmf-dist/tex/latex/base/omscmr.fd
File: omscmr.fd 1999/05/25 v2.5h Standard LaTeX font definitions
)
LaTeX Font Info:    Font shape `OMS/cmr/m/n' in size <10.95> not available
(Font)              Font shape `OMS/cmsy/m/n' tried instead on input line 60.
LaTeX Font Info:    Font shape `OMS/cmr/m/n' in size <12> not available
(Font)              Font shape `OMS/cmsy/m/n' tried instead on input line 74.
 [4

] [5

]
Underfull \hbox (badness 1552) in paragraph at lines 188--196
[]\OT1/cmr/m/n/12 This fea-ture of PhyML re-lies on the MPI (Mes-sage Pass-ing 
In-
 []


Underfull \hbox (badness 2582) in paragraph at lines 188--196
\OT1/cmr/m/n/12 on it. In case MPI is not in-stalled, you can dowload it from
 []

[6] [7] [8] [9] [10] [11] [12]
Missing character: There is no â in font cmr12!
Missing character: There is no € in font cmr12!
Missing character: There is no “ in font cmr12!
 [13]
Underfull \hbox (badness 10000) in paragraph at lines 489--495
\OT1/cmtt/m/n/12 | Dayhoff | DCMut | RtREV | CpREV | VT | Blosum62 |
 []

[14] [15] [16] [17] [18] [19] [20] [21] [22] [23]
Overfull \hbox (18.15683pt too wide) in paragraph at lines 923--923
[]\OT1/cmtt/m/n/10.95 ((seq1:0.03,seq2:0.01):0.04,(seq3:0.01,(seq4:0.2,seq5:0.0
5):0.2):0.01);[] 
 []


Underfull \hbox (badness 10000) in paragraph at lines 919--927

 []

[24]
Overfull \hbox (3.72147pt too wide) in paragraph at lines 956--956
[]|\OT1/cmr/m/n/6 0.55| 
 []


Overfull \hbox (3.72147pt too wide) in paragraph at lines 957--957
[]|\OT1/cmr/m/n/6 0.51| 
 []


Overfull \hbox (3.72147pt too wide) in paragraph at lines 957--957
[]|\OT1/cmr/m/n/6 0.64| 
 []


Overfull \hbox (3.72147pt too wide) in paragraph at lines 958--958
[]|\OT1/cmr/m/n/6 0.74| 
 []


Overfull \hbox (3.72147pt too wide) in paragraph at lines 958--958
[]|\OT1/cmr/m/n/6 0.15| 
 []


Overfull \hbox (3.72147pt too wide) in paragraph at lines 958--958
[]|\OT1/cmr/m/n/6 5.43| 
 []


Overfull \hbox (3.72147pt too wide) in paragraph at lines 959--959
[]|\OT1/cmr/m/n/6 1.03| 
 []


Overfull \hbox (3.72147pt too wide) in paragraph at lines 959--959
[]|\OT1/cmr/m/n/6 0.53| 
 []


Overfull \hbox (3.72147pt too wide) in paragraph at lines 959--959
[]|\OT1/cmr/m/n/6 0.27| 
 []


Overfull \hbox (3.72147pt too wide) in paragraph at lines 959--959
[]|\OT1/cmr/m/n/6 0.03| 
 []


Overfull \hbox (3.72147pt too wide) in paragraph at lines 960--960
[]|\OT1/cmr/m/n/6 0.91| 
 []


Overfull \hbox (3.72147pt too wide) in paragraph at lines 960--960
[]|\OT1/cmr/m/n/6 3.04| 
 []


Overfull \hbox (3.72147pt too wide) in paragraph at lines 960--960
[]|\OT1/cmr/m/n/6 1.54| 
 []


Overfull \hbox (3.72147pt too wide) in paragraph at lines 960--960
[]|\OT1/cmr/m/n/6 0.62| 
 []


Overfull \hbox (3.72147pt too wide) in paragraph at lines 960--960
[]|\OT1/cmr/m/n/6 0.10| 
 []


Overfull \hbox (3.72147pt too wide) in paragraph at lines 961--961
[]|\OT1/cmr/m/n/6 1.58| 
 []


Overfull \hbox (3.72147pt too wide) in paragraph at lines 961--961
[]|\OT1/cmr/m/n/6 0.44| 
 []


Overfull \hbox (3.72147pt too wide) in paragraph at lines 961--961
[]|\OT1/cmr/m/n/6 0.95| 
 []


Overfull \hbox (3.72147pt too wide) in paragraph at lines 961--961
[]|\OT1/cmr/m/n/6 6.17| 
 []


Overfull \hbox (3.72147pt too wide) in paragraph at lines 961--961
[]|\OT1/cmr/m/n/6 0.02| 
 []


Overfull \hbox (3.72147pt too wide) in paragraph at lines 961--961
[]|\OT1/cmr/m/n/6 5.47| 
 []


Overfull \hbox (3.72147pt too wide) in paragraph at lines 962--962
[]|\OT1/cmr/m/n/6 1.42| 
 []


Overfull \hbox (3.72147pt too wide) in paragraph at lines 962--962
[]|\OT1/cmr/m/n/6 0.58| 
 []


Overfull \hbox (3.72147pt too wide) in paragraph at lines 962--962
[]|\OT1/cmr/m/n/6 1.13| 
 []


Overfull \hbox (3.72147pt too wide) in paragraph at lines 962--962
[]|\OT1/cmr/m/n/6 0.87| 
 []


Overfull \hbox (3.72147pt too wide) in paragraph at lines 962--962
[]|\OT1/cmr/m/n/6 0.31| 
 []


Overfull \hbox (3.72147pt too wide) in paragraph at lines 962--962
[]|\OT1/cmr/m/n/6 0.33| 
 []


Overfull \hbox (3.72147pt too wide) in paragraph at lines 962--962
[]|\OT1/cmr/m/n/6 0.57| 
 []


Overfull \hbox (3.72147pt too wide) in paragraph at lines 963--963
[]|\OT1/cmr/m/n/6 0.32| 
 []


Overfull \hbox (3.72147pt too wide) in paragraph at lines 963--963
[]|\OT1/cmr/m/n/6 2.14| 
 []


Overfull \hbox (3.72147pt too wide) in paragraph at lines 963--963
[]|\OT1/cmr/m/n/6 3.96| 
 []


Overfull \hbox (3.72147pt too wide) in paragraph at lines 963--963
[]|\OT1/cmr/m/n/6 0.93| 
 []


Overfull \hbox (3.72147pt too wide) in paragraph at lines 963--963
[]|\OT1/cmr/m/n/6 0.25| 
 []


Overfull \hbox (3.72147pt too wide) in paragraph at lines 963--963
[]|\OT1/cmr/m/n/6 4.29| 
 []


Overfull \hbox (3.72147pt too wide) in paragraph at lines 963--963
[]|\OT1/cmr/m/n/6 0.57| 
 []


Overfull \hbox (3.72147pt too wide) in paragraph at lines 963--963
[]|\OT1/cmr/m/n/6 0.25| 
 []


Overfull \hbox (3.72147pt too wide) in paragraph at lines 964--964
[]|\OT1/cmr/m/n/6 0.19| 
 []


Overfull \hbox (3.72147pt too wide) in paragraph at lines 964--964
[]|\OT1/cmr/m/n/6 0.19| 
 []


Overfull \hbox (3.72147pt too wide) in paragraph at lines 964--964
[]|\OT1/cmr/m/n/6 0.55| 
 []


Overfull \hbox (3.72147pt too wide) in paragraph at lines 964--964
[]|\OT1/cmr/m/n/6 0.04| 
 []


Overfull \hbox (3.72147pt too wide) in paragraph at lines 964--964
[]|\OT1/cmr/m/n/6 0.17| 
 []


Overfull \hbox (3.72147pt too wide) in paragraph at lines 964--964
[]|\OT1/cmr/m/n/6 0.11| 
 []


Overfull \hbox (3.72147pt too wide) in paragraph at lines 964--964
[]|\OT1/cmr/m/n/6 0.13| 
 []


Overfull \hbox (3.72147pt too wide) in paragraph at lines 964--964
[]|\OT1/cmr/m/n/6 0.03| 
 []


Overfull \hbox (3.72147pt too wide) in paragraph at lines 964--964
[]|\OT1/cmr/m/n/6 0.14| 
 []


Overfull \hbox (3.72147pt too wide) in paragraph at lines 965--965
[]|\OT1/cmr/m/n/6 0.40| 
 []


Overfull \hbox (3.72147pt too wide) in paragraph at lines 965--965
[]|\OT1/cmr/m/n/6 0.50| 
 []


Overfull \hbox (3.72147pt too wide) in paragraph at lines 965--965
[]|\OT1/cmr/m/n/6 0.13| 
 []


Overfull \hbox (3.72147pt too wide) in paragraph at lines 965--965
[]|\OT1/cmr/m/n/6 0.08| 
 []


Overfull \hbox (3.72147pt too wide) in paragraph at lines 965--965
[]|\OT1/cmr/m/n/6 0.38| 
 []


Overfull \hbox (3.72147pt too wide) in paragraph at lines 965--965
[]|\OT1/cmr/m/n/6 0.87| 
 []


Overfull \hbox (3.72147pt too wide) in paragraph at lines 965--965
[]|\OT1/cmr/m/n/6 0.15| 
 []


Overfull \hbox (3.72147pt too wide) in paragraph at lines 965--965
[]|\OT1/cmr/m/n/6 0.06| 
 []


Overfull \hbox (3.72147pt too wide) in paragraph at lines 965--965
[]|\OT1/cmr/m/n/6 0.50| 
 []


Overfull \hbox (3.72147pt too wide) in paragraph at lines 965--965
[]|\OT1/cmr/m/n/6 3.17| 
 []


Overfull \hbox (3.72147pt too wide) in paragraph at lines 966--966
[]|\OT1/cmr/m/n/6 0.91| 
 []


Overfull \hbox (3.72147pt too wide) in paragraph at lines 966--966
[]|\OT1/cmr/m/n/6 5.35| 
 []


Overfull \hbox (3.72147pt too wide) in paragraph at lines 966--966
[]|\OT1/cmr/m/n/6 3.01| 
 []


Overfull \hbox (3.72147pt too wide) in paragraph at lines 966--966
[]|\OT1/cmr/m/n/6 0.48| 
 []


Overfull \hbox (3.72147pt too wide) in paragraph at lines 966--966
[]|\OT1/cmr/m/n/6 0.07| 
 []


Overfull \hbox (3.72147pt too wide) in paragraph at lines 966--966
[]|\OT1/cmr/m/n/6 3.89| 
 []


Overfull \hbox (3.72147pt too wide) in paragraph at lines 966--966
[]|\OT1/cmr/m/n/6 2.58| 
 []


Overfull \hbox (3.72147pt too wide) in paragraph at lines 966--966
[]|\OT1/cmr/m/n/6 0.37| 
 []


Overfull \hbox (3.72147pt too wide) in paragraph at lines 966--966
[]|\OT1/cmr/m/n/6 0.89| 
 []


Overfull \hbox (3.72147pt too wide) in paragraph at lines 966--966
[]|\OT1/cmr/m/n/6 0.32| 
 []


Overfull \hbox (3.72147pt too wide) in paragraph at lines 966--966
[]|\OT1/cmr/m/n/6 0.26| 
 []


Overfull \hbox (3.72147pt too wide) in paragraph at lines 967--967
[]|\OT1/cmr/m/n/6 0.89| 
 []


Overfull \hbox (3.72147pt too wide) in paragraph at lines 967--967
[]|\OT1/cmr/m/n/6 0.68| 
 []


Overfull \hbox (3.72147pt too wide) in paragraph at lines 967--967
[]|\OT1/cmr/m/n/6 0.20| 
 []


Overfull \hbox (3.72147pt too wide) in paragraph at lines 967--967
[]|\OT1/cmr/m/n/6 0.10| 
 []


Overfull \hbox (3.72147pt too wide) in paragraph at lines 967--967
[]|\OT1/cmr/m/n/6 0.39| 
 []


Overfull \hbox (3.72147pt too wide) in paragraph at lines 967--967
[]|\OT1/cmr/m/n/6 1.55| 
 []


Overfull \hbox (3.72147pt too wide) in paragraph at lines 967--967
[]|\OT1/cmr/m/n/6 0.32| 
 []


Overfull \hbox (3.72147pt too wide) in paragraph at lines 967--967
[]|\OT1/cmr/m/n/6 0.17| 
 []


Overfull \hbox (3.72147pt too wide) in paragraph at lines 967--967
[]|\OT1/cmr/m/n/6 0.40| 
 []


Overfull \hbox (3.72147pt too wide) in paragraph at lines 967--967
[]|\OT1/cmr/m/n/6 4.26| 
 []


Overfull \hbox (3.72147pt too wide) in paragraph at lines 967--967
[]|\OT1/cmr/m/n/6 4.85| 
 []


Overfull \hbox (3.72147pt too wide) in paragraph at lines 967--967
[]|\OT1/cmr/m/n/6 0.93| 
 []


Overfull \hbox (3.72147pt too wide) in paragraph at lines 968--968
[]|\OT1/cmr/m/n/6 0.21| 
 []


Overfull \hbox (3.72147pt too wide) in paragraph at lines 968--968
[]|\OT1/cmr/m/n/6 0.10| 
 []


Overfull \hbox (3.72147pt too wide) in paragraph at lines 968--968
[]|\OT1/cmr/m/n/6 0.10| 
 []


Overfull \hbox (3.72147pt too wide) in paragraph at lines 968--968
[]|\OT1/cmr/m/n/6 0.05| 
 []


Overfull \hbox (3.72147pt too wide) in paragraph at lines 968--968
[]|\OT1/cmr/m/n/6 0.40| 
 []


Overfull \hbox (3.72147pt too wide) in paragraph at lines 968--968
[]|\OT1/cmr/m/n/6 0.10| 
 []


Overfull \hbox (3.72147pt too wide) in paragraph at lines 968--968
[]|\OT1/cmr/m/n/6 0.08| 
 []


Overfull \hbox (3.72147pt too wide) in paragraph at lines 968--968
[]|\OT1/cmr/m/n/6 0.05| 
 []


Overfull \hbox (3.72147pt too wide) in paragraph at lines 968--968
[]|\OT1/cmr/m/n/6 0.68| 
 []


Overfull \hbox (3.72147pt too wide) in paragraph at lines 968--968
[]|\OT1/cmr/m/n/6 1.06| 
 []


Overfull \hbox (3.72147pt too wide) in paragraph at lines 968--968
[]|\OT1/cmr/m/n/6 2.12| 
 []


Overfull \hbox (3.72147pt too wide) in paragraph at lines 968--968
[]|\OT1/cmr/m/n/6 0.09| 
 []


Overfull \hbox (3.72147pt too wide) in paragraph at lines 968--968
[]|\OT1/cmr/m/n/6 1.19| 
 []


Overfull \hbox (3.72147pt too wide) in paragraph at lines 969--969
[]|\OT1/cmr/m/n/6 1.44| 
 []


Overfull \hbox (3.72147pt too wide) in paragraph at lines 969--969
[]|\OT1/cmr/m/n/6 0.68| 
 []


Overfull \hbox (3.72147pt too wide) in paragraph at lines 969--969
[]|\OT1/cmr/m/n/6 0.20| 
 []


Overfull \hbox (3.72147pt too wide) in paragraph at lines 969--969
[]|\OT1/cmr/m/n/6 0.42| 
 []


Overfull \hbox (3.72147pt too wide) in paragraph at lines 969--969
[]|\OT1/cmr/m/n/6 0.11| 
 []


Overfull \hbox (3.72147pt too wide) in paragraph at lines 969--969
[]|\OT1/cmr/m/n/6 0.93| 
 []


Overfull \hbox (3.72147pt too wide) in paragraph at lines 969--969
[]|\OT1/cmr/m/n/6 0.68| 
 []


Overfull \hbox (3.72147pt too wide) in paragraph at lines 969--969
[]|\OT1/cmr/m/n/6 0.24| 
 []


Overfull \hbox (3.72147pt too wide) in paragraph at lines 969--969
[]|\OT1/cmr/m/n/6 0.70| 
 []


Overfull \hbox (3.72147pt too wide) in paragraph at lines 969--969
[]|\OT1/cmr/m/n/6 0.10| 
 []


Overfull \hbox (3.72147pt too wide) in paragraph at lines 969--969
[]|\OT1/cmr/m/n/6 0.42| 
 []


Overfull \hbox (3.72147pt too wide) in paragraph at lines 969--969
[]|\OT1/cmr/m/n/6 0.56| 
 []


Overfull \hbox (3.72147pt too wide) in paragraph at lines 969--969
[]|\OT1/cmr/m/n/6 0.17| 
 []


Overfull \hbox (3.72147pt too wide) in paragraph at lines 969--969
[]|\OT1/cmr/m/n/6 0.16| 
 []


Overfull \hbox (3.72147pt too wide) in paragraph at lines 970--970
[]|\OT1/cmr/m/n/6 3.37| 
 []


Overfull \hbox (3.72147pt too wide) in paragraph at lines 970--970
[]|\OT1/cmr/m/n/6 1.22| 
 []


Overfull \hbox (3.72147pt too wide) in paragraph at lines 970--970
[]|\OT1/cmr/m/n/6 3.97| 
 []


Overfull \hbox (3.72147pt too wide) in paragraph at lines 970--970
[]|\OT1/cmr/m/n/6 1.07| 
 []


Overfull \hbox (3.72147pt too wide) in paragraph at lines 970--970
[]|\OT1/cmr/m/n/6 1.41| 
 []


Overfull \hbox (3.72147pt too wide) in paragraph at lines 970--970
[]|\OT1/cmr/m/n/6 1.03| 
 []


Overfull \hbox (3.72147pt too wide) in paragraph at lines 970--970
[]|\OT1/cmr/m/n/6 0.70| 
 []


Overfull \hbox (3.72147pt too wide) in paragraph at lines 970--970
[]|\OT1/cmr/m/n/6 1.34| 
 []


Overfull \hbox (3.72147pt too wide) in paragraph at lines 970--970
[]|\OT1/cmr/m/n/6 0.74| 
 []


Overfull \hbox (3.72147pt too wide) in paragraph at lines 970--970
[]|\OT1/cmr/m/n/6 0.32| 
 []


Overfull \hbox (3.72147pt too wide) in paragraph at lines 970--970
[]|\OT1/cmr/m/n/6 0.34| 
 []


Overfull \hbox (3.72147pt too wide) in paragraph at lines 970--970
[]|\OT1/cmr/m/n/6 0.97| 
 []


Overfull \hbox (3.72147pt too wide) in paragraph at lines 970--970
[]|\OT1/cmr/m/n/6 0.49| 
 []


Overfull \hbox (3.72147pt too wide) in paragraph at lines 970--970
[]|\OT1/cmr/m/n/6 0.55| 
 []


Overfull \hbox (3.72147pt too wide) in paragraph at lines 970--970
[]|\OT1/cmr/m/n/6 1.61| 
 []


Overfull \hbox (3.72147pt too wide) in paragraph at lines 971--971
[]|\OT1/cmr/m/n/6 2.12| 
 []


Overfull \hbox (3.72147pt too wide) in paragraph at lines 971--971
[]|\OT1/cmr/m/n/6 0.55| 
 []


Overfull \hbox (3.72147pt too wide) in paragraph at lines 971--971
[]|\OT1/cmr/m/n/6 2.03| 
 []


Overfull \hbox (3.72147pt too wide) in paragraph at lines 971--971
[]|\OT1/cmr/m/n/6 0.37| 
 []


Overfull \hbox (3.72147pt too wide) in paragraph at lines 971--971
[]|\OT1/cmr/m/n/6 0.51| 
 []


Overfull \hbox (3.72147pt too wide) in paragraph at lines 971--971
[]|\OT1/cmr/m/n/6 0.86| 
 []


Overfull \hbox (3.72147pt too wide) in paragraph at lines 971--971
[]|\OT1/cmr/m/n/6 0.82| 
 []


Overfull \hbox (3.72147pt too wide) in paragraph at lines 971--971
[]|\OT1/cmr/m/n/6 0.23| 
 []


Overfull \hbox (3.72147pt too wide) in paragraph at lines 971--971
[]|\OT1/cmr/m/n/6 0.47| 
 []


Overfull \hbox (3.72147pt too wide) in paragraph at lines 971--971
[]|\OT1/cmr/m/n/6 1.46| 
 []


Overfull \hbox (3.72147pt too wide) in paragraph at lines 971--971
[]|\OT1/cmr/m/n/6 0.33| 
 []


Overfull \hbox (3.72147pt too wide) in paragraph at lines 971--971
[]|\OT1/cmr/m/n/6 1.39| 
 []


Overfull \hbox (3.72147pt too wide) in paragraph at lines 971--971
[]|\OT1/cmr/m/n/6 1.52| 
 []


Overfull \hbox (3.72147pt too wide) in paragraph at lines 971--971
[]|\OT1/cmr/m/n/6 0.17| 
 []


Overfull \hbox (3.72147pt too wide) in paragraph at lines 971--971
[]|\OT1/cmr/m/n/6 0.80| 
 []


Overfull \hbox (3.72147pt too wide) in paragraph at lines 971--971
[]|\OT1/cmr/m/n/6 4.38| 
 []


Overfull \hbox (3.72147pt too wide) in paragraph at lines 972--972
[]|\OT1/cmr/m/n/6 0.11| 
 []


Overfull \hbox (3.72147pt too wide) in paragraph at lines 972--972
[]|\OT1/cmr/m/n/6 1.16| 
 []


Overfull \hbox (3.72147pt too wide) in paragraph at lines 972--972
[]|\OT1/cmr/m/n/6 0.07| 
 []


Overfull \hbox (3.72147pt too wide) in paragraph at lines 972--972
[]|\OT1/cmr/m/n/6 0.13| 
 []


Overfull \hbox (3.72147pt too wide) in paragraph at lines 972--972
[]|\OT1/cmr/m/n/6 0.72| 
 []


Overfull \hbox (3.72147pt too wide) in paragraph at lines 972--972
[]|\OT1/cmr/m/n/6 0.22| 
 []


Overfull \hbox (3.72147pt too wide) in paragraph at lines 972--972
[]|\OT1/cmr/m/n/6 0.16| 
 []


Overfull \hbox (3.72147pt too wide) in paragraph at lines 972--972
[]|\OT1/cmr/m/n/6 0.34| 
 []


Overfull \hbox (3.72147pt too wide) in paragraph at lines 972--972
[]|\OT1/cmr/m/n/6 0.26| 
 []


Overfull \hbox (3.72147pt too wide) in paragraph at lines 972--972
[]|\OT1/cmr/m/n/6 0.21| 
 []


Overfull \hbox (3.72147pt too wide) in paragraph at lines 972--972
[]|\OT1/cmr/m/n/6 0.67| 
 []


Overfull \hbox (3.72147pt too wide) in paragraph at lines 972--972
[]|\OT1/cmr/m/n/6 0.14| 
 []


Overfull \hbox (3.72147pt too wide) in paragraph at lines 972--972
[]|\OT1/cmr/m/n/6 0.52| 
 []


Overfull \hbox (3.72147pt too wide) in paragraph at lines 972--972
[]|\OT1/cmr/m/n/6 1.53| 
 []


Overfull \hbox (3.72147pt too wide) in paragraph at lines 972--972
[]|\OT1/cmr/m/n/6 0.14| 
 []


Overfull \hbox (3.72147pt too wide) in paragraph at lines 972--972
[]|\OT1/cmr/m/n/6 0.52| 
 []


Overfull \hbox (3.72147pt too wide) in paragraph at lines 972--972
[]|\OT1/cmr/m/n/6 0.11| 
 []


Overfull \hbox (3.72147pt too wide) in paragraph at lines 973--973
[]|\OT1/cmr/m/n/6 0.24| 
 []


Overfull \hbox (3.72147pt too wide) in paragraph at lines 973--973
[]|\OT1/cmr/m/n/6 0.38| 
 []


Overfull \hbox (3.72147pt too wide) in paragraph at lines 973--973
[]|\OT1/cmr/m/n/6 1.09| 
 []


Overfull \hbox (3.72147pt too wide) in paragraph at lines 973--973
[]|\OT1/cmr/m/n/6 0.33| 
 []


Overfull \hbox (3.72147pt too wide) in paragraph at lines 973--973
[]|\OT1/cmr/m/n/6 0.54| 
 []


Overfull \hbox (3.72147pt too wide) in paragraph at lines 973--973
[]|\OT1/cmr/m/n/6 0.23| 
 []


Overfull \hbox (3.72147pt too wide) in paragraph at lines 973--973
[]|\OT1/cmr/m/n/6 0.20| 
 []


Overfull \hbox (3.72147pt too wide) in paragraph at lines 973--973
[]|\OT1/cmr/m/n/6 0.10| 
 []


Overfull \hbox (3.72147pt too wide) in paragraph at lines 973--973
[]|\OT1/cmr/m/n/6 3.87| 
 []


Overfull \hbox (3.72147pt too wide) in paragraph at lines 973--973
[]|\OT1/cmr/m/n/6 0.42| 
 []


Overfull \hbox (3.72147pt too wide) in paragraph at lines 973--973
[]|\OT1/cmr/m/n/6 0.40| 
 []


Overfull \hbox (3.72147pt too wide) in paragraph at lines 973--973
[]|\OT1/cmr/m/n/6 0.13| 
 []


Overfull \hbox (3.72147pt too wide) in paragraph at lines 973--973
[]|\OT1/cmr/m/n/6 0.43| 
 []


Overfull \hbox (3.72147pt too wide) in paragraph at lines 973--973
[]|\OT1/cmr/m/n/6 6.45| 
 []


Overfull \hbox (3.72147pt too wide) in paragraph at lines 973--973
[]|\OT1/cmr/m/n/6 0.22| 
 []


Overfull \hbox (3.72147pt too wide) in paragraph at lines 973--973
[]|\OT1/cmr/m/n/6 0.79| 
 []


Overfull \hbox (3.72147pt too wide) in paragraph at lines 973--973
[]|\OT1/cmr/m/n/6 0.29| 
 []


Overfull \hbox (3.72147pt too wide) in paragraph at lines 973--973
[]|\OT1/cmr/m/n/6 2.49| 
 []


Overfull \hbox (3.72147pt too wide) in paragraph at lines 974--974
[]|\OT1/cmr/m/n/6 2.01| 
 []


Overfull \hbox (3.72147pt too wide) in paragraph at lines 974--974
[]|\OT1/cmr/m/n/6 0.25| 
 []


Overfull \hbox (3.72147pt too wide) in paragraph at lines 974--974
[]|\OT1/cmr/m/n/6 0.20| 
 []


Overfull \hbox (3.72147pt too wide) in paragraph at lines 974--974
[]|\OT1/cmr/m/n/6 0.15| 
 []


Overfull \hbox (3.72147pt too wide) in paragraph at lines 974--974
[]|\OT1/cmr/m/n/6 1.00| 
 []


Overfull \hbox (3.72147pt too wide) in paragraph at lines 974--974
[]|\OT1/cmr/m/n/6 0.30| 
 []


Overfull \hbox (3.72147pt too wide) in paragraph at lines 974--974
[]|\OT1/cmr/m/n/6 0.59| 
 []


Overfull \hbox (3.72147pt too wide) in paragraph at lines 974--974
[]|\OT1/cmr/m/n/6 0.19| 
 []


Overfull \hbox (3.72147pt too wide) in paragraph at lines 974--974
[]|\OT1/cmr/m/n/6 0.12| 
 []


Overfull \hbox (3.72147pt too wide) in paragraph at lines 974--974
[]|\OT1/cmr/m/n/6 7.82| 
 []


Overfull \hbox (3.72147pt too wide) in paragraph at lines 974--974
[]|\OT1/cmr/m/n/6 1.80| 
 []


Overfull \hbox (3.72147pt too wide) in paragraph at lines 974--974
[]|\OT1/cmr/m/n/6 0.31| 
 []


Overfull \hbox (3.72147pt too wide) in paragraph at lines 974--974
[]|\OT1/cmr/m/n/6 2.06| 
 []


Overfull \hbox (3.72147pt too wide) in paragraph at lines 974--974
[]|\OT1/cmr/m/n/6 0.65| 
 []


Overfull \hbox (3.72147pt too wide) in paragraph at lines 974--974
[]|\OT1/cmr/m/n/6 0.31| 
 []


Overfull \hbox (3.72147pt too wide) in paragraph at lines 974--974
[]|\OT1/cmr/m/n/6 0.23| 
 []


Overfull \hbox (3.72147pt too wide) in paragraph at lines 974--974
[]|\OT1/cmr/m/n/6 1.39| 
 []


Overfull \hbox (3.72147pt too wide) in paragraph at lines 974--974
[]|\OT1/cmr/m/n/6 0.37| 
 []


Overfull \hbox (3.72147pt too wide) in paragraph at lines 974--974
[]|\OT1/cmr/m/n/6 0.31| 
 []


Overfull \hbox (3.72147pt too wide) in paragraph at lines 976--976
[]|\OT1/cmr/m/n/6 8.66| 
 []


Overfull \hbox (3.72147pt too wide) in paragraph at lines 976--976
[]|\OT1/cmr/m/n/6 4.40| 
 []


Overfull \hbox (3.72147pt too wide) in paragraph at lines 976--976
[]|\OT1/cmr/m/n/6 3.91| 
 []


Overfull \hbox (3.72147pt too wide) in paragraph at lines 976--976
[]|\OT1/cmr/m/n/6 5.70| 
 []


Overfull \hbox (3.72147pt too wide) in paragraph at lines 976--976
[]|\OT1/cmr/m/n/6 1.93| 
 []


Overfull \hbox (3.72147pt too wide) in paragraph at lines 976--976
[]|\OT1/cmr/m/n/6 3.67| 
 []


Overfull \hbox (3.72147pt too wide) in paragraph at lines 976--976
[]|\OT1/cmr/m/n/6 5.81| 
 []


Overfull \hbox (3.72147pt too wide) in paragraph at lines 976--976
[]|\OT1/cmr/m/n/6 8.33| 
 []


Overfull \hbox (3.72147pt too wide) in paragraph at lines 976--976
[]|\OT1/cmr/m/n/6 2.44| 
 []


Overfull \hbox (3.72147pt too wide) in paragraph at lines 976--976
[]|\OT1/cmr/m/n/6 4.85| 
 []


Overfull \hbox (3.72147pt too wide) in paragraph at lines 976--976
[]|\OT1/cmr/m/n/6 8.62| 
 []


Overfull \hbox (3.72147pt too wide) in paragraph at lines 976--976
[]|\OT1/cmr/m/n/6 6.20| 
 []


Overfull \hbox (3.72147pt too wide) in paragraph at lines 976--976
[]|\OT1/cmr/m/n/6 1.95| 
 []


Overfull \hbox (3.72147pt too wide) in paragraph at lines 976--976
[]|\OT1/cmr/m/n/6 3.84| 
 []


Overfull \hbox (3.72147pt too wide) in paragraph at lines 976--976
[]|\OT1/cmr/m/n/6 4.58| 
 []


Overfull \hbox (3.72147pt too wide) in paragraph at lines 976--976
[]|\OT1/cmr/m/n/6 6.95| 
 []


Overfull \hbox (3.72147pt too wide) in paragraph at lines 976--976
[]|\OT1/cmr/m/n/6 6.10| 
 []


Overfull \hbox (3.72147pt too wide) in paragraph at lines 976--976
[]|\OT1/cmr/m/n/6 1.44| 
 []


Overfull \hbox (3.72147pt too wide) in paragraph at lines 976--976
[]|\OT1/cmr/m/n/6 3.53| 
 []


Overfull \hbox (3.72147pt too wide) in paragraph at lines 976--977
[]|\OT1/cmr/m/n/6 7.09| 
 []


Overfull \hbox (37.789pt too wide) in paragraph at lines 953--979
 [] 
 []

[25]
Underfull \hbox (badness 10000) in paragraph at lines 1020--1021

 []


Overfull \hbox (6.4885pt too wide) in paragraph at lines 1022--1033
 [] 
 []

[26] [27] [28] [29] [30]
Overfull \hbox (39.8485pt too wide) in alignment at lines 1227--1233
 [][][] []
 []

[31]
Underfull \hbox (badness 1968) in paragraph at lines 1246--1250
\OT1/cmr/m/n/12 po-nents of a mix-ture are in-de-pen-dant. In other words, we h
ave
 []

[32] [33] [34]
Underfull \hbox (badness 2189) in paragraph at lines 1402--1402
[]\OT1/cmr/bx/n/14.4 Setting up mix-ture and par-ti-tion mod-els in
 []

[35] [36] [37]
Underfull \hbox (badness 1430) in paragraph at lines 1552--1554
[]\OT1/cmtt/m/n/12 optimise.tree="yes"|"true"|"no"|"false"\OT1/cmr/m/n/12 . The
 start-ing tree
 []

[38]
Overfull \hbox (9.87488pt too wide) in paragraph at lines 1571--1574
[]\OT1/cmtt/m/n/12 model="JC69"|"K80"|"F81"|"F84"|"HKY85"|"TN93"|"GTR"|"custom"

 []


Overfull \hbox (65.4499pt too wide) in paragraph at lines 1571--1574
\OT1/cmtt/m/n/12 model="LG"|"WAG"|"JTT"|"MtREV"|"Dayhoff"|"DCMut"|"RtREV"|"CpRE
V"|"VT" 
 []


Underfull \hbox (badness 10000) in paragraph at lines 1571--1574
\OT1/cmtt/m/n/12 |"Blosum62"|"MtMam"|"MtArt"|"HIVw"|"HIVb"|"customaa" \OT1/cmr/
m/n/12 for
 []


Underfull \hbox (badness 1077) in paragraph at lines 1578--1582
[]\OT1/cmtt/m/n/12 ratematrix.code="filename"\OT1/cmr/m/n/12 . When used in con
-junc-tion with
 []


Underfull \hbox (badness 10000) in paragraph at lines 1590--1593
[]\OT1/cmr/m/n/12 The \OT1/cmtt/m/n/12 ratematrices \OT1/cmr/m/n/12 com-po-nent
 has the at-tribute
 []

[39]
Underfull \hbox (badness 10000) in paragraph at lines 1614--1616
[]\OT1/cmtt/m/n/12 optimise.freqs="true|yes|false|no"\OT1/cmr/m/n/12 . Nu-cleot
ide fre-quen-
 []


Underfull \hbox (badness 10000) in paragraph at lines 1614--1616
\OT1/cmr/m/n/12 cies can be op-ti-mised so as to max-imise the like-li-hood
 []

[40] [41] [42]

Package hyperref Warning: Token not allowed in a PDF string (PDFDocEncoding):
(hyperref)                removing `math shift' on input line 1757.


Package hyperref Warning: Token not allowed in a PDF string (PDFDocEncoding):
(hyperref)                removing `\Gamma' on input line 1757.


Package hyperref Warning: Token not allowed in a PDF string (PDFDocEncoding):
(hyperref)                removing `math shift' on input line 1757.

[43] [44] [45]
Underfull \hbox (badness 7012) in paragraph at lines 1904--1908
[]\OT1/cmr/m/n/12 In or-der to fit the LG4X model to the \OT1/cmtt/m/n/12 prote
ic \OT1/cmr/m/n/12 se-quence
 []


Underfull \hbox (badness 8056) in paragraph at lines 1904--1908
\OT1/cmr/m/n/12 file pro-vided in the \OT1/cmtt/m/n/12 examples/ \OT1/cmr/m/n/1
2 di-rec-tory, sim-ply type \OT1/cmtt/m/n/12 ./phyml
 []

[46] [47] [48] [49]
Underfull \hbox (badness 2126) in paragraph at lines 2064--2067
[]\OT1/cmr/m/n/12 It re-lies on a Gibbs sam-pler which out-per-forms the ``stan
-dard''
 []

[50] [51] [52] [53]
Underfull \hbox (badness 1648) in paragraph at lines 2245--2257
\OT1/cmr/m/n/12 The pro-gram Phy-Time gen-er-ates two out-put files. The file c
alled
 []

[54] [55] [56] [57] [58] [59]
Underfull \hbox (badness 10000) in paragraph at lines 2477--2478

 []


Underfull \hbox (badness 10000) in paragraph at lines 2484--2485

 []


Underfull \hbox (badness 10000) in paragraph at lines 2489--2490

 []


Underfull \hbox (badness 10000) in paragraph at lines 2494--2495

 []

[60]
Underfull \hbox (badness 10000) in paragraph at lines 2499--2500

 []

(./phyml-manual.bbl [61] [62] [63] [64]) (./phyml-manual.ind [65] [66

] [67])
Package atveryend Info: Empty hook `BeforeClearDocument' on input line 2519.
Package atveryend Info: Empty hook `AfterLastShipout' on input line 2519.

(./phyml-manual.aux)
Package atveryend Info: Executing hook `AtVeryEndDocument' on input line 2519.
Package atveryend Info: Executing hook `AtEndAfterFileList' on input line 2519.

Package rerunfilecheck Info: File `phyml-manual.out' has not changed.
(rerunfilecheck)             Checksum: F1FACC1F2BF38B420E074BA89143FA06;4765.
Package atveryend Info: Empty hook `AtVeryVeryEnd' on input line 2519.
 ) 
Here is how much of TeX's memory you used:
 7676 strings out of 495059
 111248 string characters out of 3182030
 269600 words of memory out of 3000000
 10574 multiletter control sequences out of 15000+200000
 12459 words of font info for 46 fonts, out of 3000000 for 9000
 14 hyphenation exceptions out of 8191
 36i,11n,38p,273b,530s stack positions out of 5000i,500n,10000p,200000b,50000s
</usr/share/texlive/texmf-dist/fonts/type1/public/amsfonts/cm/cmbx12.pfb></us
r/share/texlive/texmf-dist/fonts/type1/public/amsfonts/cm/cmex10.pfb></usr/shar
e/texlive/texmf-dist/fonts/type1/public/amsfonts/cm/cmmi12.pfb></usr/share/texl
ive/texmf-dist/fonts/type1/public/amsfonts/cm/cmmi6.pfb></usr/share/texlive/tex
mf-dist/fonts/type1/public/amsfonts/cm/cmmi8.pfb></usr/share/texlive/texmf-dist
/fonts/type1/public/amsfonts/cm/cmr10.pfb></usr/share/texlive/texmf-dist/fonts/
type1/public/amsfonts/cm/cmr12.pfb></usr/share/texlive/texmf-dist/fonts/type1/p
ublic/amsfonts/cm/cmr17.pfb></usr/share/texlive/texmf-dist/fonts/type1/public/a
msfonts/cm/cmr6.pfb></usr/share/texlive/texmf-dist/fonts/type1/public/amsfonts/
cm/cmr7.pfb></usr/share/texlive/texmf-dist/fonts/type1/public/amsfonts/cm/cmr8.
pfb></usr/share/texlive/texmf-dist/fonts/type1/public/amsfonts/cm/cmsy10.pfb></
usr/share/texlive/texmf-dist/fonts/type1/public/amsfonts/cm/cmsy8.pfb></usr/sha
re/texlive/texmf-dist/fonts/type1/public/amsfonts/cm/cmti12.pfb></usr/share/tex
live/texmf-dist/fonts/type1/public/amsfonts/cm/cmtt10.pfb></usr/share/texlive/t
exmf-dist/fonts/type1/public/amsfonts/cm/cmtt12.pfb></usr/share/texlive/texmf-d
ist/fonts/type1/public/amsfonts/cm/cmtt8.pfb>
Output written on phyml-manual.pdf (67 pages, 397031 bytes).
PDF statistics:
 1032 PDF objects out of 1200 (max. 8388607)
 935 compressed objects within 10 object streams
 207 named destinations out of 1000 (max. 500000)
 505 words of extra memory for PDF output out of 10000 (max. 10000000)

